<?xml version="1.0" encoding="UTF-8"?>
<!-- Generated by org.testng.reporters.JUnitReportReporter -->
<testsuite skipped="0" hostname="Infva05990" name="Day5.AlertExamples" tests="1" failures="0" timestamp="17 Sep 2019 17:26:56 GMT" time="22.805" errors="0">
  <testcase name="f" time="22.805" classname="Day5.AlertExamples"/>
</testsuite> <!-- Day5.AlertExamples -->
