<?xml version="1.0" encoding="UTF-8"?>
<!-- Generated by org.testng.reporters.JUnitReportReporter -->
<testsuite skipped="0" hostname="Infva05990" name="Day3.WriteExcel" tests="1" failures="0" timestamp="14 Sep 2019 21:58:07 GMT" time="0.508" errors="0">
  <testcase name="f" time="0.508" classname="Day3.WriteExcel"/>
</testsuite> <!-- Day3.WriteExcel -->
