<?xml version="1.0" encoding="UTF-8"?>
<!-- Generated by org.testng.reporters.JUnitReportReporter -->
<testsuite skipped="0" hostname="Infva05990" name="Day3.ExcelAssignment" tests="1" failures="0" timestamp="14 Sep 2019 22:25:36 GMT" time="9.430" errors="0">
  <testcase name="f" time="9.430" classname="Day3.ExcelAssignment"/>
</testsuite> <!-- Day3.ExcelAssignment -->
