<?xml version="1.0" encoding="UTF-8"?>
<!-- Generated by org.testng.reporters.JUnitReportReporter -->
<testsuite skipped="0" hostname="Infva05990" name="Day3.Excel" tests="1" failures="0" timestamp="14 Sep 2019 19:23:50 GMT" time="0.157" errors="0">
  <testcase name="f" time="0.157" classname="Day3.Excel"/>
</testsuite> <!-- Day3.Excel -->
