<?xml version="1.0" encoding="UTF-8"?>
<!-- Generated by org.testng.reporters.JUnitReportReporter -->
<testsuite skipped="0" hostname="Infva05990" name="Day4.BrokenLinksImage" tests="1" failures="0" timestamp="17 Sep 2019 00:21:38 GMT" time="40.276" errors="0">
  <testcase name="Bing" time="40.276" classname="Day4.BrokenLinksImage"/>
</testsuite> <!-- Day4.BrokenLinksImage -->
