<?xml version="1.0" encoding="UTF-8"?>
<!-- Generated by org.testng.reporters.JUnitReportReporter -->
<testsuite skipped="0" hostname="Infva05990" name="Day4.ExcelTest" tests="2" failures="0" timestamp="16 Sep 2019 17:48:41 GMT" time="1.217" errors="0">
  <testcase name="g" time="0.015" classname="Day4.ExcelTest"/>
  <testcase name="f" time="1.202" classname="Day4.ExcelTest"/>
</testsuite> <!-- Day4.ExcelTest -->
