<?xml version="1.0" encoding="UTF-8"?>
<!-- Generated by org.testng.reporters.JUnitReportReporter -->
<testsuite skipped="0" hostname="Infva05990" name="Day4.AllAnnotations" tests="1" failures="0" timestamp="16 Sep 2019 17:52:03 GMT" time="0.016" errors="0">
  <testcase name="f" time="0.016" classname="Day4.AllAnnotations"/>
</testsuite> <!-- Day4.AllAnnotations -->
