<?xml version="1.0" encoding="UTF-8"?>
<!-- Generated by org.testng.reporters.JUnitReportReporter -->
<testsuite skipped="0" hostname="Infva05990" name="Day8.Reflect" tests="1" failures="0" timestamp="20 Sep 2019 22:30:02 GMT" time="0.093" errors="0">
  <testcase name="f" time="0.093" classname="Day8.Reflect"/>
</testsuite> <!-- Day8.Reflect -->
