<?xml version="1.0" encoding="UTF-8"?>
<!-- Generated by org.testng.reporters.JUnitReportReporter -->
<testsuite skipped="0" hostname="Infva05990" name="Day5.PropertyFileReading" tests="1" failures="0" timestamp="17 Sep 2019 17:00:39 GMT" time="22.917" errors="0">
  <testcase name="f" time="22.917" classname="Day5.PropertyFileReading"/>
</testsuite> <!-- Day5.PropertyFileReading -->
