<?xml version="1.0" encoding="UTF-8"?>
<!-- Generated by org.testng.reporters.JUnitReportReporter -->
<testsuite skipped="0" hostname="Infva05990" name="Day5.Scrolling" tests="1" failures="0" timestamp="17 Sep 2019 19:10:32 GMT" time="39.423" errors="0">
  <testcase name="f" time="39.423" classname="Day5.Scrolling"/>
</testsuite> <!-- Day5.Scrolling -->
