<?xml version="1.0" encoding="UTF-8"?>
<!-- Generated by org.testng.reporters.JUnitReportReporter -->
<testsuite skipped="0" hostname="Infva05990" name="Day3.NewTest" tests="3" failures="0" timestamp="14 Sep 2019 18:41:41 GMT" time="9.144" errors="0">
  <testcase name="sqlTest" time="8.294" classname="Day3.NewTest"/>
  <testcase name="UTest" time="0.012" classname="Day3.NewTest"/>
  <testcase name="WTest" time="0.838" classname="Day3.NewTest"/>
</testsuite> <!-- Day3.NewTest -->
